mode: set
relap/pkg/repositories/storage/storage_file.go:9.36,11.2 1 1
relap/pkg/repositories/storage/storage_file.go:14.92,16.2 1 1
relap/pkg/repositories/storage/storage_file.go:19.66,21.2 1 1
relap/pkg/repositories/storage/storage_file.go:24.65,26.2 1 1
relap/pkg/repositories/record/record_file.go:30.25,38.2 1 1
relap/pkg/repositories/record/record_file.go:41.47,43.86 2 1
relap/pkg/repositories/record/record_file.go:68.2,68.58 1 1
relap/pkg/repositories/record/record_file.go:73.2,73.12 1 1
relap/pkg/repositories/record/record_file.go:43.86,49.22 5 1
relap/pkg/repositories/record/record_file.go:63.3,63.53 1 1
relap/pkg/repositories/record/record_file.go:49.22,52.26 3 1
relap/pkg/repositories/record/record_file.go:57.4,57.34 1 1
relap/pkg/repositories/record/record_file.go:52.26,54.10 2 1
relap/pkg/repositories/record/record_file.go:57.34,60.5 2 1
relap/pkg/repositories/record/record_file.go:63.53,65.4 1 0
relap/pkg/repositories/record/record_file.go:68.58,71.3 2 1
relap/pkg/repositories/record/record_file.go:77.65,79.73 2 1
relap/pkg/repositories/record/record_file.go:82.2,82.21 1 1
relap/pkg/repositories/record/record_file.go:79.73,81.3 1 1
relap/pkg/repositories/handler/handler_html.go:15.20,17.2 1 1
relap/pkg/repositories/handler/handler_html.go:20.90,21.30 1 1
relap/pkg/repositories/handler/handler_html.go:31.2,31.8 1 1
relap/pkg/repositories/handler/handler_html.go:21.30,22.45 1 1
relap/pkg/repositories/handler/handler_html.go:26.3,26.28 1 1
relap/pkg/repositories/handler/handler_html.go:22.45,24.4 1 1
relap/pkg/repositories/handler/handler_html.go:26.28,28.4 1 1
relap/pkg/repositories/handler/handler_html.go:35.71,38.6 3 1
relap/pkg/repositories/handler/handler_html.go:74.2,74.21 1 1
relap/pkg/repositories/handler/handler_html.go:38.6,42.25 4 1
relap/pkg/repositories/handler/handler_html.go:46.3,46.13 1 1
relap/pkg/repositories/handler/handler_html.go:70.3,70.53 1 1
relap/pkg/repositories/handler/handler_html.go:42.25,43.9 1 1
relap/pkg/repositories/handler/handler_html.go:47.53,48.25 1 1
relap/pkg/repositories/handler/handler_html.go:55.4,55.24 1 1
relap/pkg/repositories/handler/handler_html.go:48.25,50.36 2 1
relap/pkg/repositories/handler/handler_html.go:50.36,52.11 2 1
relap/pkg/repositories/handler/handler_html.go:55.24,57.15 2 1
relap/pkg/repositories/handler/handler_html.go:60.5,61.17 2 1
relap/pkg/repositories/handler/handler_html.go:64.5,65.38 2 1
relap/pkg/repositories/handler/handler_html.go:57.15,59.6 1 1
relap/pkg/repositories/handler/handler_html.go:61.17,63.6 1 1
relap/pkg/repositories/handler/handler_html.go:65.38,67.6 1 1
relap/pkg/repositories/handler/handler_html.go:70.53,71.9 1 1
relap/pkg/repositories/worker/pool.go:58.47,73.2 1 0
relap/pkg/repositories/worker/pool.go:76.100,77.22 1 0
relap/pkg/repositories/worker/pool.go:77.22,82.17 3 0
relap/pkg/repositories/worker/pool.go:85.3,87.20 3 0
relap/pkg/repositories/worker/pool.go:82.17,84.4 1 0
relap/pkg/repositories/worker/pool.go:92.46,94.37 2 0
relap/pkg/repositories/worker/pool.go:94.37,95.39 1 0
relap/pkg/repositories/worker/pool.go:95.39,98.4 2 0
relap/pkg/repositories/worker/pool.go:102.47,104.37 2 0
relap/pkg/repositories/worker/pool.go:104.37,105.39 1 0
relap/pkg/repositories/worker/pool.go:105.39,108.4 2 0
relap/pkg/repositories/worker/pool.go:112.128,113.22 1 0
relap/pkg/repositories/worker/pool.go:113.22,120.3 6 0
relap/pkg/repositories/worker/pool.go:124.161,128.6 3 0
relap/pkg/repositories/worker/pool.go:189.2,189.94 1 0
relap/pkg/repositories/worker/pool.go:195.2,195.29 1 0
relap/pkg/repositories/worker/pool.go:128.6,129.10 1 0
relap/pkg/repositories/worker/pool.go:130.27,131.11 1 0
relap/pkg/repositories/worker/pool.go:134.4,134.20 1 0
relap/pkg/repositories/worker/pool.go:180.32,181.11 1 0
relap/pkg/repositories/worker/pool.go:184.4,184.22 1 0
relap/pkg/repositories/worker/pool.go:131.11,132.15 1 0
relap/pkg/repositories/worker/pool.go:134.20,136.5 1 0
relap/pkg/repositories/worker/pool.go:136.10,138.50 2 0
relap/pkg/repositories/worker/pool.go:138.50,145.24 3 0
relap/pkg/repositories/worker/pool.go:152.6,153.123 2 0
relap/pkg/repositories/worker/pool.go:145.24,147.25 2 0
relap/pkg/repositories/worker/pool.go:147.25,149.8 1 0
relap/pkg/repositories/worker/pool.go:153.123,157.7 3 0
relap/pkg/repositories/worker/pool.go:181.11,182.15 1 0
relap/pkg/repositories/worker/pool.go:184.22,186.5 1 0
relap/pkg/repositories/worker/pool.go:189.94,194.3 4 0
relap/pkg/repositories/worker/pool.go:198.69,202.2 3 0
relap/pkg/repositories/worker/pool.go:204.78,208.16 4 0
relap/pkg/repositories/worker/pool.go:211.2,211.26 1 0
relap/pkg/repositories/worker/pool.go:208.16,210.3 1 0
relap/pkg/repositories/worker/worker.go:17.41,24.2 1 1
relap/pkg/repositories/worker/worker.go:27.88,29.20 2 1
relap/pkg/repositories/worker/worker.go:32.2,34.44 2 1
relap/pkg/repositories/worker/worker.go:43.2,44.22 2 1
relap/pkg/repositories/worker/worker.go:47.2,49.24 3 1
relap/pkg/repositories/worker/worker.go:29.20,31.3 1 1
relap/pkg/repositories/worker/worker.go:34.44,42.3 2 1
relap/pkg/repositories/worker/worker.go:44.22,46.3 1 1
