mode: set
relap/pkg/repositories/storage/storage_file.go:15.63,20.2 1 1
relap/pkg/repositories/storage/storage_file.go:23.92,25.2 1 1
relap/pkg/repositories/storage/storage_file.go:28.94,30.2 1 1
relap/pkg/repositories/storage/storage_file.go:33.55,35.2 1 1
relap/pkg/repositories/storage/storage_int_mock.go:25.51,29.2 3 0
relap/pkg/repositories/storage/storage_int_mock.go:32.49,34.2 1 0
relap/pkg/repositories/storage/storage_int_mock.go:37.87,43.2 5 0
relap/pkg/repositories/storage/storage_int_mock.go:46.84,49.2 2 0
relap/pkg/repositories/storage/storage_int_mock.go:52.89,58.2 5 0
relap/pkg/repositories/storage/storage_int_mock.go:61.86,64.2 2 0
relap/pkg/repositories/storage/storage_int_mock.go:67.50,72.2 4 0
relap/pkg/repositories/storage/storage_int_mock.go:75.74,78.2 2 0
relap/pkg/repositories/handler/handler_html.go:24.20,26.2 1 1
relap/pkg/repositories/handler/handler_html.go:29.90,30.30 1 1
relap/pkg/repositories/handler/handler_html.go:40.2,40.8 1 1
relap/pkg/repositories/handler/handler_html.go:30.30,31.45 1 1
relap/pkg/repositories/handler/handler_html.go:35.3,35.28 1 1
relap/pkg/repositories/handler/handler_html.go:31.45,33.4 1 1
relap/pkg/repositories/handler/handler_html.go:35.28,37.4 1 1
relap/pkg/repositories/handler/handler_html.go:44.64,47.6 3 1
relap/pkg/repositories/handler/handler_html.go:83.2,83.21 1 1
relap/pkg/repositories/handler/handler_html.go:47.6,51.25 4 1
relap/pkg/repositories/handler/handler_html.go:55.3,55.13 1 1
relap/pkg/repositories/handler/handler_html.go:79.3,79.53 1 1
relap/pkg/repositories/handler/handler_html.go:51.25,52.9 1 1
relap/pkg/repositories/handler/handler_html.go:56.53,57.25 1 1
relap/pkg/repositories/handler/handler_html.go:64.4,64.24 1 1
relap/pkg/repositories/handler/handler_html.go:57.25,59.36 2 1
relap/pkg/repositories/handler/handler_html.go:59.36,61.11 2 1
relap/pkg/repositories/handler/handler_html.go:64.24,66.15 2 1
relap/pkg/repositories/handler/handler_html.go:69.5,70.17 2 1
relap/pkg/repositories/handler/handler_html.go:73.5,74.38 2 1
relap/pkg/repositories/handler/handler_html.go:66.15,68.6 1 1
relap/pkg/repositories/handler/handler_html.go:70.17,72.6 1 1
relap/pkg/repositories/handler/handler_html.go:74.38,76.6 1 1
relap/pkg/repositories/handler/handler_html.go:79.53,80.9 1 1
relap/pkg/repositories/handler/handler_html.go:86.39,89.29 3 1
relap/pkg/repositories/handler/handler_html.go:92.2,92.13 1 1
relap/pkg/repositories/handler/handler_html.go:89.29,91.3 1 0
relap/pkg/repositories/worker/worker_int_mock.go:26.51,30.2 3 0
relap/pkg/repositories/worker/worker_int_mock.go:33.49,35.2 1 0
relap/pkg/repositories/worker/worker_int_mock.go:38.91,44.2 5 0
relap/pkg/repositories/worker/worker_int_mock.go:47.84,50.2 2 0
relap/pkg/repositories/worker/worker.go:16.41,23.2 1 1
relap/pkg/repositories/worker/worker.go:26.89,28.20 2 1
relap/pkg/repositories/worker/worker.go:31.2,33.44 2 1
relap/pkg/repositories/worker/worker.go:42.2,43.22 2 1
relap/pkg/repositories/worker/worker.go:46.2,48.24 3 1
relap/pkg/repositories/worker/worker.go:28.20,30.3 1 1
relap/pkg/repositories/worker/worker.go:33.44,41.3 2 1
relap/pkg/repositories/worker/worker.go:43.22,45.3 1 1
relap/pkg/repositories/pool/read_pool.go:17.153,25.2 1 1
relap/pkg/repositories/pool/read_pool.go:27.35,29.37 2 1
relap/pkg/repositories/pool/read_pool.go:29.37,30.32 1 1
relap/pkg/repositories/pool/read_pool.go:30.32,33.4 2 1
relap/pkg/repositories/pool/read_pool.go:37.39,38.25 1 1
relap/pkg/repositories/pool/read_pool.go:38.25,43.17 3 1
relap/pkg/repositories/pool/read_pool.go:46.3,48.23 3 1
relap/pkg/repositories/pool/read_pool.go:43.17,45.4 1 1
relap/pkg/repositories/pool/write_pool.go:17.137,25.2 1 1
relap/pkg/repositories/pool/write_pool.go:27.36,29.37 2 1
relap/pkg/repositories/pool/write_pool.go:29.37,30.33 1 1
relap/pkg/repositories/pool/write_pool.go:30.33,33.4 2 1
relap/pkg/repositories/pool/write_pool.go:37.39,38.25 1 1
relap/pkg/repositories/pool/write_pool.go:38.25,45.3 6 1
relap/pkg/repositories/pipeline/pipeline.go:11.37,15.25 4 0
relap/pkg/repositories/pipeline/pipeline.go:21.2,21.11 1 0
relap/pkg/repositories/pipeline/pipeline.go:15.25,20.3 4 0
relap/pkg/repositories/pipeline/pipeline.go:24.71,28.2 3 0
relap/pkg/repositories/pipeline/reader.go:33.119,41.2 1 1
relap/pkg/repositories/pipeline/reader.go:44.48,45.63 1 1
relap/pkg/repositories/pipeline/reader.go:70.2,70.55 1 1
relap/pkg/repositories/pipeline/reader.go:75.2,75.29 1 1
relap/pkg/repositories/pipeline/reader.go:45.63,51.22 5 1
relap/pkg/repositories/pipeline/reader.go:65.3,65.53 1 1
relap/pkg/repositories/pipeline/reader.go:51.22,54.26 3 1
relap/pkg/repositories/pipeline/reader.go:59.4,59.31 1 1
relap/pkg/repositories/pipeline/reader.go:54.26,56.10 2 1
relap/pkg/repositories/pipeline/reader.go:59.31,62.5 2 1
relap/pkg/repositories/pipeline/reader.go:65.53,67.4 1 0
relap/pkg/repositories/pipeline/reader.go:70.55,73.3 2 1
relap/pkg/repositories/pipeline/reader.go:75.29,76.21 1 1
relap/pkg/repositories/pipeline/reader.go:76.21,78.4 1 1
relap/pkg/repositories/pipeline/reducer.go:13.24,15.2 1 1
relap/pkg/repositories/pipeline/reducer.go:18.49,20.23 2 1
relap/pkg/repositories/pipeline/reducer.go:25.2,25.44 1 1
relap/pkg/repositories/pipeline/reducer.go:20.23,23.3 2 1
relap/pkg/repositories/pipeline/reducer.go:25.44,29.3 3 1
relap/pkg/repositories/pipeline/writer.go:40.26,49.2 1 1
relap/pkg/repositories/pipeline/writer.go:52.48,53.42 1 1
relap/pkg/repositories/pipeline/writer.go:67.2,67.56 1 1
relap/pkg/repositories/pipeline/writer.go:72.2,72.29 1 1
relap/pkg/repositories/pipeline/writer.go:53.42,55.24 2 1
relap/pkg/repositories/pipeline/writer.go:55.24,57.51 2 1
relap/pkg/repositories/pipeline/writer.go:57.51,63.5 3 1
relap/pkg/repositories/pipeline/writer.go:67.56,70.3 2 1
relap/pkg/repositories/pipeline/writer.go:72.29,74.3 1 1
relap/pkg/repositories/pipeline/writer.go:77.59,84.13 5 1
relap/pkg/repositories/pipeline/writer.go:87.2,88.20 2 1
relap/pkg/repositories/pipeline/writer.go:91.2,91.13 1 1
relap/pkg/repositories/pipeline/writer.go:84.13,86.3 1 0
relap/pkg/repositories/pipeline/writer.go:88.20,90.3 1 0
relap/pkg/repositories/pipeline/writer.go:94.68,100.16 5 1
relap/pkg/repositories/pipeline/writer.go:103.2,104.26 2 1
relap/pkg/repositories/pipeline/writer.go:100.16,102.3 1 0
